<?xml version="1.0" encoding="UTF-8" ?>
<testsuite tests="3" failures="0" name="auction.service.AuctionMgrTest" time="2.19" errors="3" skipped="0">
  <properties>
[...]
</properties>
  <testcase classname="auction.service.AuctionMgrTest" name="newBid" time="1.96">
    <error type="java.lang.NullPointerException">java.lang.NullPointerException
	at auction.service.AuctionMgr.newBid(AuctionMgr.java:54)
	at auction.service.AuctionMgrTest.newBid(AuctionMgrTest.java:79)
	at sun.reflect.NativeMethodAccessorImpl.invoke0(Native Method)
	at sun.reflect.NativeMethodAccessorImpl.invoke(NativeMethodAccessorImpl.java:62)
	at sun.reflect.DelegatingMethodAccessorImpl.invoke(DelegatingMethodAccessorImpl.java:43)
	at java.lang.reflect.Method.invoke(Method.java:497)
	at org.junit.runners.model.FrameworkMethod$1.runReflectiveCall(FrameworkMethod.java:47)
	at org.junit.internal.runners.model.ReflectiveCallable.run(ReflectiveCallable.java:12)
	at org.junit.runners.model.FrameworkMethod.invokeExplosively(FrameworkMethod.java:44)
	at org.junit.internal.runners.statements.InvokeMethod.evaluate(InvokeMethod.java:17)
	at org.junit.internal.runners.statements.RunBefores.evaluate(RunBefores.java:26)
	at org.junit.runners.ParentRunner.runLeaf(ParentRunner.java:271)
	at org.junit.runners.BlockJUnit4ClassRunner.runChild(BlockJUnit4ClassRunner.java:70)
	at org.junit.runners.BlockJUnit4ClassRunner.runChild(BlockJUnit4ClassRunner.java:50)
	at org.junit.runners.ParentRunner$3.run(ParentRunner.java:238)
	at org.junit.runners.ParentRunner$1.schedule(ParentRunner.java:63)
	at org.junit.runners.ParentRunner.runChildren(ParentRunner.java:236)
	at org.junit.runners.ParentRunner.access$000(ParentRunner.java:53)
	at org.junit.runners.ParentRunner$2.evaluate(ParentRunner.java:229)
	at org.junit.runners.ParentRunner.run(ParentRunner.java:309)
	at org.apache.maven.surefire.junit4.JUnit4TestSet.execute(JUnit4TestSet.java:53)
	at org.apache.maven.surefire.junit4.JUnit4Provider.executeTestSet(JUnit4Provider.java:123)
	at org.apache.maven.surefire.junit4.JUnit4Provider.invoke(JUnit4Provider.java:104)
	at sun.reflect.NativeMethodAccessorImpl.invoke0(Native Method)
	at sun.reflect.NativeMethodAccessorImpl.invoke(NativeMethodAccessorImpl.java:62)
	at sun.reflect.DelegatingMethodAccessorImpl.invoke(DelegatingMethodAccessorImpl.java:43)
	at java.lang.reflect.Method.invoke(Method.java:497)
	at org.apache.maven.surefire.util.ReflectionUtils.invokeMethodWithArray(ReflectionUtils.java:164)
	at org.apache.maven.surefire.booter.ProviderFactory$ProviderProxy.invoke(ProviderFactory.java:110)
	at org.apache.maven.surefire.booter.SurefireStarter.invokeProvider(SurefireStarter.java:175)
	at org.apache.maven.surefire.booter.SurefireStarter.runSuitesInProcessWhenForked(SurefireStarter.java:107)
	at org.apache.maven.surefire.booter.ForkedBooter.main(ForkedBooter.java:68)
</error>
    <system-out>[EL Config]: metadata: 2016-05-31 19:52:44.65--ServerSession(1018298342)--Thread(Thread[main,5,main])--The access type for the persistent class [class auction.domain.Bid] is set to [FIELD].
[EL Config]: metadata: 2016-05-31 19:52:44.672--ServerSession(1018298342)--Thread(Thread[main,5,main])--The element [field buyer] is being defaulted to a one to one mapping.
[EL Config]: metadata: 2016-05-31 19:52:44.677--ServerSession(1018298342)--Thread(Thread[main,5,main])--The target entity (reference) class for the one to one mapping element [field buyer] is being defaulted to: class auction.domain.User.
[EL Config]: metadata: 2016-05-31 19:52:44.677--ServerSession(1018298342)--Thread(Thread[main,5,main])--The access type for the persistent class [class auction.domain.Item] is set to [FIELD].
[EL Config]: metadata: 2016-05-31 19:52:44.678--ServerSession(1018298342)--Thread(Thread[main,5,main])--The target entity (reference) class for the many to one mapping element [field seller] is being defaulted to: class auction.domain.User.
[EL Config]: metadata: 2016-05-31 19:52:44.678--ServerSession(1018298342)--Thread(Thread[main,5,main])--The target entity (reference) class for the one to one mapping element [field highest] is being defaulted to: class auction.domain.Bid.
[EL Config]: metadata: 2016-05-31 19:52:44.68--ServerSession(1018298342)--Thread(Thread[main,5,main])--The target entity (reference) class for the many to one mapping element [field category] is being defaulted to: class auction.domain.Category.
[EL Config]: metadata: 2016-05-31 19:52:44.68--ServerSession(1018298342)--Thread(Thread[main,5,main])--The access type for the persistent class [class auction.domain.User] is set to [FIELD].
[EL Config]: metadata: 2016-05-31 19:52:44.685--ServerSession(1018298342)--Thread(Thread[main,5,main])--The target entity (reference) class for the one to many mapping element [field offeredItems] is being defaulted to: class auction.domain.Item.
[EL Config]: metadata: 2016-05-31 19:52:44.686--ServerSession(1018298342)--Thread(Thread[main,5,main])--The access type for the persistent class [class auction.domain.Category] is set to [FIELD].
[EL Config]: metadata: 2016-05-31 19:52:44.686--ServerSession(1018298342)--Thread(Thread[main,5,main])--The alias name for the entity class [class auction.domain.Bid] is being defaulted to: Bid.
[EL Config]: metadata: 2016-05-31 19:52:44.704--ServerSession(1018298342)--Thread(Thread[main,5,main])--The column name for element [amount] is being defaulted to: AMOUNT.
[EL Config]: metadata: 2016-05-31 19:52:44.708--ServerSession(1018298342)--Thread(Thread[main,5,main])--The column name for element [id] is being defaulted to: ID.
[EL Config]: metadata: 2016-05-31 19:52:44.708--ServerSession(1018298342)--Thread(Thread[main,5,main])--The column name for element [time] is being defaulted to: TIME.
[EL Config]: metadata: 2016-05-31 19:52:44.709--ServerSession(1018298342)--Thread(Thread[main,5,main])--The alias name for the entity class [class auction.domain.Item] is being defaulted to: Item.
[EL Config]: metadata: 2016-05-31 19:52:44.71--ServerSession(1018298342)--Thread(Thread[main,5,main])--The column name for element [description] is being defaulted to: DESCRIPTION.
[EL Config]: metadata: 2016-05-31 19:52:44.71--ServerSession(1018298342)--Thread(Thread[main,5,main])--The column name for element [id] is being defaulted to: ID.
[EL Config]: metadata: 2016-05-31 19:52:44.71--ServerSession(1018298342)--Thread(Thread[main,5,main])--The alias name for the entity class [class auction.domain.User] is being defaulted to: User.
[EL Config]: metadata: 2016-05-31 19:52:44.711--ServerSession(1018298342)--Thread(Thread[main,5,main])--The column name for element [email] is being defaulted to: EMAIL.
[EL Config]: metadata: 2016-05-31 19:52:44.711--ServerSession(1018298342)--Thread(Thread[main,5,main])--The alias name for the entity class [class auction.domain.Category] is being defaulted to: Category.
[EL Config]: metadata: 2016-05-31 19:52:44.712--ServerSession(1018298342)--Thread(Thread[main,5,main])--The column name for element [description] is being defaulted to: DESCRIPTION.
[EL Config]: metadata: 2016-05-31 19:52:44.712--ServerSession(1018298342)--Thread(Thread[main,5,main])--The column name for element [id] is being defaulted to: ID.
[EL Config]: metadata: 2016-05-31 19:52:44.724--ServerSession(1018298342)--Thread(Thread[main,5,main])--The primary key column name for the mapping element [field buyer] is being defaulted to: EMAIL.
[EL Config]: metadata: 2016-05-31 19:52:44.724--ServerSession(1018298342)--Thread(Thread[main,5,main])--The foreign key column name for the mapping element [buyer] is being defaulted to: BUYER_EMAIL.
[EL Config]: metadata: 2016-05-31 19:52:44.725--ServerSession(1018298342)--Thread(Thread[main,5,main])--The primary key column name for the mapping element [field seller] is being defaulted to: EMAIL.
[EL Config]: metadata: 2016-05-31 19:52:44.725--ServerSession(1018298342)--Thread(Thread[main,5,main])--The foreign key column name for the mapping element [seller] is being defaulted to: SELLER_EMAIL.
[EL Config]: metadata: 2016-05-31 19:52:44.726--ServerSession(1018298342)--Thread(Thread[main,5,main])--The primary key column name for the mapping element [field highest] is being defaulted to: ID.
[EL Config]: metadata: 2016-05-31 19:52:44.726--ServerSession(1018298342)--Thread(Thread[main,5,main])--The foreign key column name for the mapping element [highest] is being defaulted to: HIGHEST_ID.
[EL Config]: metadata: 2016-05-31 19:52:44.726--ServerSession(1018298342)--Thread(Thread[main,5,main])--The primary key column name for the mapping element [field category] is being defaulted to: ID.
[EL Config]: metadata: 2016-05-31 19:52:44.727--ServerSession(1018298342)--Thread(Thread[main,5,main])--The foreign key column name for the mapping element [category] is being defaulted to: CATEGORY_ID.
[EL Info]: 2016-05-31 19:52:45.488--ServerSession(1018298342)--Thread(Thread[main,5,main])--EclipseLink, version: Eclipse Persistence Services - 2.5.2.v20140319-9ad6abd
[EL Fine]: connection: 2016-05-31 19:52:45.654--Thread(Thread[main,5,main])--Detected database platform: org.eclipse.persistence.platform.database.MySQLPlatform
[EL Config]: connection: 2016-05-31 19:52:45.671--ServerSession(1018298342)--Connection(2051397396)--Thread(Thread[main,5,main])--connecting(DatabaseLogin(
	platform=&gt;MySQLPlatform
	user name=&gt; &quot;root&quot;
	datasource URL=&gt; &quot;jdbc:mysql://localhost:3306/SE42?serverTimezone=UTC&quot;
))
[EL Config]: connection: 2016-05-31 19:52:45.678--ServerSession(1018298342)--Connection(793485742)--Thread(Thread[main,5,main])--Connected: jdbc:mysql://localhost:3306/SE42?serverTimezone=UTC
	User: root@localhost
	Database: MySQL  Version: 5.7.11-log
	Driver: MySQL Connector Java  Version: mysql-connector-java-6.0.2 ( Revision: c6da0fe501ad43d4ed6483b60ea796dc9fbe2d7b )
[EL Info]: connection: 2016-05-31 19:52:45.884--ServerSession(1018298342)--Thread(Thread[main,5,main])--file:/C:/Users/Stefan/Documents/GitHub/SE42/Week13/Persistence bidirectional/auction persistence associations/target/classes/_nl.fhict.se42_auction_jar_1.0-SNAPSHOTPU login successful
[EL Fine]: sql: 2016-05-31 19:52:45.911--ServerSession(1018298342)--Connection(793485742)--Thread(Thread[main,5,main])--SELECT * FROM SEQUENCE WHERE SEQ_NAME = SEQ_GEN
[EL Fine]: sql: 2016-05-31 19:52:45.965--ServerSession(1018298342)--Connection(793485742)--Thread(Thread[main,5,main])--SELECT EMAIL FROM SE42_W12_1_User WHERE (EMAIL = ?)
	bind =&gt; [ss2@nl]
[EL Fine]: sql: 2016-05-31 19:52:45.97--ServerSession(1018298342)--Connection(793485742)--Thread(Thread[main,5,main])--SELECT EMAIL FROM SE42_W12_1_User WHERE (EMAIL = ?)
	bind =&gt; [bb@nl]
[EL Fine]: sql: 2016-05-31 19:52:45.971--ServerSession(1018298342)--Connection(793485742)--Thread(Thread[main,5,main])--SELECT EMAIL FROM SE42_W12_1_User WHERE (EMAIL = ?)
	bind =&gt; [bb2@nl]
[EL Fine]: sql: 2016-05-31 19:52:45.974--ServerSession(1018298342)--Connection(793485742)--Thread(Thread[main,5,main])--SELECT ID, DESCRIPTION, CATEGORY_ID, SELLER_EMAIL, HIGHEST_ID FROM SE42_W12_1_Item WHERE (SELLER_EMAIL = ?)
	bind =&gt; [ss2@nl]
[EL Fine]: sql: 2016-05-31 19:52:45.977--ServerSession(1018298342)--Connection(793485742)--Thread(Thread[main,5,main])--SELECT ID, DESCRIPTION FROM SE42_W12_1_Category WHERE (ID = ?)
	bind =&gt; [152]
[EL Fine]: sql: 2016-05-31 19:52:45.978--ServerSession(1018298342)--Connection(793485742)--Thread(Thread[main,5,main])--SELECT ID, DESCRIPTION FROM SE42_W12_1_Category WHERE (ID = ?)
	bind =&gt; [202]
[EL Fine]: sql: 2016-05-31 19:52:45.979--ServerSession(1018298342)--Connection(793485742)--Thread(Thread[main,5,main])--SELECT ID, DESCRIPTION FROM SE42_W12_1_Category WHERE (ID = ?)
	bind =&gt; [252]
[EL Fine]: sql: 2016-05-31 19:52:45.98--ServerSession(1018298342)--Connection(793485742)--Thread(Thread[main,5,main])--SELECT ID, DESCRIPTION FROM SE42_W12_1_Category WHERE (ID = ?)
	bind =&gt; [302]
[EL Fine]: sql: 2016-05-31 19:52:45.981--ServerSession(1018298342)--Connection(793485742)--Thread(Thread[main,5,main])--SELECT ID, DESCRIPTION FROM SE42_W12_1_Category WHERE (ID = ?)
	bind =&gt; [352]
[EL Fine]: sql: 2016-05-31 19:52:45.982--ServerSession(1018298342)--Connection(793485742)--Thread(Thread[main,5,main])--SELECT ID, DESCRIPTION FROM SE42_W12_1_Category WHERE (ID = ?)
	bind =&gt; [402]
[EL Fine]: sql: 2016-05-31 19:52:45.984--ServerSession(1018298342)--Connection(793485742)--Thread(Thread[main,5,main])--SELECT ID, DESCRIPTION FROM SE42_W12_1_Category WHERE (ID = ?)
	bind =&gt; [452]
[EL Fine]: sql: 2016-05-31 19:52:45.985--ServerSession(1018298342)--Connection(793485742)--Thread(Thread[main,5,main])--SELECT ID, DESCRIPTION FROM SE42_W12_1_Category WHERE (ID = ?)
	bind =&gt; [502]
[EL Fine]: sql: 2016-05-31 19:52:45.987--ServerSession(1018298342)--Connection(793485742)--Thread(Thread[main,5,main])--SELECT ID, DESCRIPTION FROM SE42_W12_1_Category WHERE (ID = ?)
	bind =&gt; [552]
[EL Fine]: sql: 2016-05-31 19:52:45.989--ServerSession(1018298342)--Connection(793485742)--Thread(Thread[main,5,main])--SELECT ID, DESCRIPTION FROM SE42_W12_1_Category WHERE (ID = ?)
	bind =&gt; [602]
[EL Fine]: sql: 2016-05-31 19:52:45.991--ServerSession(1018298342)--Connection(793485742)--Thread(Thread[main,5,main])--SELECT ID, DESCRIPTION FROM SE42_W12_1_Category WHERE (ID = ?)
	bind =&gt; [652]
[EL Fine]: sql: 2016-05-31 19:52:45.992--ServerSession(1018298342)--Connection(793485742)--Thread(Thread[main,5,main])--SELECT ID, DESCRIPTION FROM SE42_W12_1_Category WHERE (ID = ?)
	bind =&gt; [702]
[EL Fine]: sql: 2016-05-31 19:52:45.998--ClientSession(1857852787)--Connection(793485742)--Thread(Thread[main,5,main])--UPDATE SEQUENCE SET SEQ_COUNT = SEQ_COUNT + ? WHERE SEQ_NAME = ?
	bind =&gt; [50, SEQ_GEN]
[EL Fine]: sql: 2016-05-31 19:52:45.999--ClientSession(1857852787)--Connection(793485742)--Thread(Thread[main,5,main])--SELECT SEQ_COUNT FROM SEQUENCE WHERE SEQ_NAME = ?
	bind =&gt; [SEQ_GEN]
[EL Fine]: sql: 2016-05-31 19:52:46.077--ClientSession(1857852787)--Connection(793485742)--Thread(Thread[main,5,main])--INSERT INTO SE42_W12_1_User (EMAIL) VALUES (?)
	bind =&gt; [ss2@nl]
[EL Fine]: sql: 2016-05-31 19:52:46.093--ClientSession(1857852787)--Thread(Thread[main,5,main])--SELECT 1
[EL Warning]: 2016-05-31 19:52:46.095--UnitOfWork(746436902)--Thread(Thread[main,5,main])--Exception [EclipseLink-4002] (Eclipse Persistence Services - 2.5.2.v20140319-9ad6abd): org.eclipse.persistence.exceptions.DatabaseException
Internal Exception: java.sql.SQLIntegrityConstraintViolationException: Duplicate entry &apos;ss2@nl&apos; for key &apos;PRIMARY&apos;
Error Code: 1062
Call: INSERT INTO SE42_W12_1_User (EMAIL) VALUES (?)
	bind =&gt; [ss2@nl]
Query: InsertObjectQuery(auction.domain.User@772caabe)
</system-out>
    <system-err>Loading class `com.mysql.jdbc.Driver&apos;. This is deprecated. The new driver class is `com.mysql.cj.jdbc.Driver&apos;. The driver is automatically registered via the SPI and manual loading of the driver class is generally unnecessary.
Tue May 31 19:52:45 CEST 2016 WARN: Establishing SSL connection without server&apos;s identity verification is not recommended. According to MySQL 5.5.45+, 5.6.26+ and 5.7.6+ requirements SSL connection must be established by default if explicit option isn&apos;t set. For compliance with existing applications not using SSL the verifyServerCertificate property is set to &apos;false&apos;. You need either to explicitly disable SSL by setting useSSL=false, or set useSSL=true and provide truststore for server certificate verification.
Tue May 31 19:52:45 CEST 2016 WARN: Establishing SSL connection without server&apos;s identity verification is not recommended. According to MySQL 5.5.45+, 5.6.26+ and 5.7.6+ requirements SSL connection must be established by default if explicit option isn&apos;t set. For compliance with existing applications not using SSL the verifyServerCertificate property is set to &apos;false&apos;. You need either to explicitly disable SSL by setting useSSL=false, or set useSSL=true and provide truststore for server certificate verification.
</system-err>
  </testcase>
  <testcase classname="auction.service.AuctionMgrTest" name="getItem" time="0.09">
    <error type="java.lang.NullPointerException">java.lang.NullPointerException
	at auction.service.AuctionMgrTest.getItem(AuctionMgrTest.java:38)
	at sun.reflect.NativeMethodAccessorImpl.invoke0(Native Method)
	at sun.reflect.NativeMethodAccessorImpl.invoke(NativeMethodAccessorImpl.java:62)
	at sun.reflect.DelegatingMethodAccessorImpl.invoke(DelegatingMethodAccessorImpl.java:43)
	at java.lang.reflect.Method.invoke(Method.java:497)
	at org.junit.runners.model.FrameworkMethod$1.runReflectiveCall(FrameworkMethod.java:47)
	at org.junit.internal.runners.model.ReflectiveCallable.run(ReflectiveCallable.java:12)
	at org.junit.runners.model.FrameworkMethod.invokeExplosively(FrameworkMethod.java:44)
	at org.junit.internal.runners.statements.InvokeMethod.evaluate(InvokeMethod.java:17)
	at org.junit.internal.runners.statements.RunBefores.evaluate(RunBefores.java:26)
	at org.junit.runners.ParentRunner.runLeaf(ParentRunner.java:271)
	at org.junit.runners.BlockJUnit4ClassRunner.runChild(BlockJUnit4ClassRunner.java:70)
	at org.junit.runners.BlockJUnit4ClassRunner.runChild(BlockJUnit4ClassRunner.java:50)
	at org.junit.runners.ParentRunner$3.run(ParentRunner.java:238)
	at org.junit.runners.ParentRunner$1.schedule(ParentRunner.java:63)
	at org.junit.runners.ParentRunner.runChildren(ParentRunner.java:236)
	at org.junit.runners.ParentRunner.access$000(ParentRunner.java:53)
	at org.junit.runners.ParentRunner$2.evaluate(ParentRunner.java:229)
	at org.junit.runners.ParentRunner.run(ParentRunner.java:309)
	at org.apache.maven.surefire.junit4.JUnit4TestSet.execute(JUnit4TestSet.java:53)
	at org.apache.maven.surefire.junit4.JUnit4Provider.executeTestSet(JUnit4Provider.java:123)
	at org.apache.maven.surefire.junit4.JUnit4Provider.invoke(JUnit4Provider.java:104)
	at sun.reflect.NativeMethodAccessorImpl.invoke0(Native Method)
	at sun.reflect.NativeMethodAccessorImpl.invoke(NativeMethodAccessorImpl.java:62)
	at sun.reflect.DelegatingMethodAccessorImpl.invoke(DelegatingMethodAccessorImpl.java:43)
	at java.lang.reflect.Method.invoke(Method.java:497)
	at org.apache.maven.surefire.util.ReflectionUtils.invokeMethodWithArray(ReflectionUtils.java:164)
	at org.apache.maven.surefire.booter.ProviderFactory$ProviderProxy.invoke(ProviderFactory.java:110)
	at org.apache.maven.surefire.booter.SurefireStarter.invokeProvider(SurefireStarter.java:175)
	at org.apache.maven.surefire.booter.SurefireStarter.runSuitesInProcessWhenForked(SurefireStarter.java:107)
	at org.apache.maven.surefire.booter.ForkedBooter.main(ForkedBooter.java:68)
</error>
    <system-out>[EL Fine]: sql: 2016-05-31 19:52:46.128--ServerSession(1018298342)--Connection(793485742)--Thread(Thread[main,5,main])--SELECT EMAIL FROM SE42_W12_1_User WHERE (EMAIL = ?)
	bind =&gt; [xx2@nl]
[EL Fine]: sql: 2016-05-31 19:52:46.13--ServerSession(1018298342)--Connection(793485742)--Thread(Thread[main,5,main])--SELECT ID, DESCRIPTION, CATEGORY_ID, SELLER_EMAIL, HIGHEST_ID FROM SE42_W12_1_Item WHERE (SELLER_EMAIL = ?)
	bind =&gt; [xx2@nl]
[EL Fine]: sql: 2016-05-31 19:52:46.132--ServerSession(1018298342)--Connection(793485742)--Thread(Thread[main,5,main])--SELECT ID, DESCRIPTION FROM SE42_W12_1_Category WHERE (ID = ?)
	bind =&gt; [154]
[EL Fine]: sql: 2016-05-31 19:52:46.134--ServerSession(1018298342)--Connection(793485742)--Thread(Thread[main,5,main])--SELECT ID, DESCRIPTION FROM SE42_W12_1_Category WHERE (ID = ?)
	bind =&gt; [204]
[EL Fine]: sql: 2016-05-31 19:52:46.136--ServerSession(1018298342)--Connection(793485742)--Thread(Thread[main,5,main])--SELECT ID, DESCRIPTION FROM SE42_W12_1_Category WHERE (ID = ?)
	bind =&gt; [254]
[EL Fine]: sql: 2016-05-31 19:52:46.137--ServerSession(1018298342)--Connection(793485742)--Thread(Thread[main,5,main])--SELECT ID, DESCRIPTION FROM SE42_W12_1_Category WHERE (ID = ?)
	bind =&gt; [304]
[EL Fine]: sql: 2016-05-31 19:52:46.139--ServerSession(1018298342)--Connection(793485742)--Thread(Thread[main,5,main])--SELECT ID, DESCRIPTION FROM SE42_W12_1_Category WHERE (ID = ?)
	bind =&gt; [354]
[EL Fine]: sql: 2016-05-31 19:52:46.14--ServerSession(1018298342)--Connection(793485742)--Thread(Thread[main,5,main])--SELECT ID, DESCRIPTION FROM SE42_W12_1_Category WHERE (ID = ?)
	bind =&gt; [404]
[EL Fine]: sql: 2016-05-31 19:52:46.142--ServerSession(1018298342)--Connection(793485742)--Thread(Thread[main,5,main])--SELECT ID, DESCRIPTION FROM SE42_W12_1_Category WHERE (ID = ?)
	bind =&gt; [454]
[EL Fine]: sql: 2016-05-31 19:52:46.143--ServerSession(1018298342)--Connection(793485742)--Thread(Thread[main,5,main])--SELECT ID, DESCRIPTION FROM SE42_W12_1_Category WHERE (ID = ?)
	bind =&gt; [504]
[EL Fine]: sql: 2016-05-31 19:52:46.145--ServerSession(1018298342)--Connection(793485742)--Thread(Thread[main,5,main])--SELECT ID, DESCRIPTION FROM SE42_W12_1_Category WHERE (ID = ?)
	bind =&gt; [554]
[EL Fine]: sql: 2016-05-31 19:52:46.147--ServerSession(1018298342)--Connection(793485742)--Thread(Thread[main,5,main])--SELECT ID, DESCRIPTION FROM SE42_W12_1_Category WHERE (ID = ?)
	bind =&gt; [604]
[EL Fine]: sql: 2016-05-31 19:52:46.148--ServerSession(1018298342)--Connection(793485742)--Thread(Thread[main,5,main])--SELECT ID, DESCRIPTION FROM SE42_W12_1_Category WHERE (ID = ?)
	bind =&gt; [654]
[EL Fine]: sql: 2016-05-31 19:52:46.149--ServerSession(1018298342)--Connection(793485742)--Thread(Thread[main,5,main])--SELECT ID, DESCRIPTION FROM SE42_W12_1_Category WHERE (ID = ?)
	bind =&gt; [704]
[EL Fine]: sql: 2016-05-31 19:52:46.153--ClientSession(1228777520)--Connection(793485742)--Thread(Thread[main,5,main])--INSERT INTO SE42_W12_1_User (EMAIL) VALUES (?)
	bind =&gt; [xx2@nl]
[EL Fine]: sql: 2016-05-31 19:52:46.154--ClientSession(1228777520)--Thread(Thread[main,5,main])--SELECT 1
[EL Warning]: 2016-05-31 19:52:46.155--UnitOfWork(1733520096)--Thread(Thread[main,5,main])--Exception [EclipseLink-4002] (Eclipse Persistence Services - 2.5.2.v20140319-9ad6abd): org.eclipse.persistence.exceptions.DatabaseException
Internal Exception: java.sql.SQLIntegrityConstraintViolationException: Duplicate entry &apos;xx2@nl&apos; for key &apos;PRIMARY&apos;
Error Code: 1062
Call: INSERT INTO SE42_W12_1_User (EMAIL) VALUES (?)
	bind =&gt; [xx2@nl]
Query: InsertObjectQuery(auction.domain.User@3eb292cd)
</system-out>
  </testcase>
  <testcase classname="auction.service.AuctionMgrTest" name="findItemByDescription" time="0.065">
    <error message="java.util.Vector cannot be cast to java.util.ArrayList" type="java.lang.ClassCastException">java.lang.ClassCastException: java.util.Vector cannot be cast to java.util.ArrayList
	at auction.service.AuctionMgrTest.findItemByDescription(AuctionMgrTest.java:56)
	at sun.reflect.NativeMethodAccessorImpl.invoke0(Native Method)
	at sun.reflect.NativeMethodAccessorImpl.invoke(NativeMethodAccessorImpl.java:62)
	at sun.reflect.DelegatingMethodAccessorImpl.invoke(DelegatingMethodAccessorImpl.java:43)
	at java.lang.reflect.Method.invoke(Method.java:497)
	at org.junit.runners.model.FrameworkMethod$1.runReflectiveCall(FrameworkMethod.java:47)
	at org.junit.internal.runners.model.ReflectiveCallable.run(ReflectiveCallable.java:12)
	at org.junit.runners.model.FrameworkMethod.invokeExplosively(FrameworkMethod.java:44)
	at org.junit.internal.runners.statements.InvokeMethod.evaluate(InvokeMethod.java:17)
	at org.junit.internal.runners.statements.RunBefores.evaluate(RunBefores.java:26)
	at org.junit.runners.ParentRunner.runLeaf(ParentRunner.java:271)
	at org.junit.runners.BlockJUnit4ClassRunner.runChild(BlockJUnit4ClassRunner.java:70)
	at org.junit.runners.BlockJUnit4ClassRunner.runChild(BlockJUnit4ClassRunner.java:50)
	at org.junit.runners.ParentRunner$3.run(ParentRunner.java:238)
	at org.junit.runners.ParentRunner$1.schedule(ParentRunner.java:63)
	at org.junit.runners.ParentRunner.runChildren(ParentRunner.java:236)
	at org.junit.runners.ParentRunner.access$000(ParentRunner.java:53)
	at org.junit.runners.ParentRunner$2.evaluate(ParentRunner.java:229)
	at org.junit.runners.ParentRunner.run(ParentRunner.java:309)
	at org.apache.maven.surefire.junit4.JUnit4TestSet.execute(JUnit4TestSet.java:53)
	at org.apache.maven.surefire.junit4.JUnit4Provider.executeTestSet(JUnit4Provider.java:123)
	at org.apache.maven.surefire.junit4.JUnit4Provider.invoke(JUnit4Provider.java:104)
	at sun.reflect.NativeMethodAccessorImpl.invoke0(Native Method)
	at sun.reflect.NativeMethodAccessorImpl.invoke(NativeMethodAccessorImpl.java:62)
	at sun.reflect.DelegatingMethodAccessorImpl.invoke(DelegatingMethodAccessorImpl.java:43)
	at java.lang.reflect.Method.invoke(Method.java:497)
	at org.apache.maven.surefire.util.ReflectionUtils.invokeMethodWithArray(ReflectionUtils.java:164)
	at org.apache.maven.surefire.booter.ProviderFactory$ProviderProxy.invoke(ProviderFactory.java:110)
	at org.apache.maven.surefire.booter.SurefireStarter.invokeProvider(SurefireStarter.java:175)
	at org.apache.maven.surefire.booter.SurefireStarter.runSuitesInProcessWhenForked(SurefireStarter.java:107)
	at org.apache.maven.surefire.booter.ForkedBooter.main(ForkedBooter.java:68)
</error>
    <system-out>[EL Fine]: sql: 2016-05-31 19:52:46.222--ServerSession(1018298342)--Connection(793485742)--Thread(Thread[main,5,main])--SELECT EMAIL FROM SE42_W12_1_User WHERE (EMAIL = ?)
	bind =&gt; [xx3@nl]
[EL Fine]: sql: 2016-05-31 19:52:46.224--ServerSession(1018298342)--Connection(793485742)--Thread(Thread[main,5,main])--SELECT EMAIL FROM SE42_W12_1_User WHERE (EMAIL = ?)
	bind =&gt; [xx4@nl]
[EL Fine]: sql: 2016-05-31 19:52:46.226--ServerSession(1018298342)--Connection(793485742)--Thread(Thread[main,5,main])--SELECT ID, DESCRIPTION, CATEGORY_ID, SELLER_EMAIL, HIGHEST_ID FROM SE42_W12_1_Item WHERE (SELLER_EMAIL = ?)
	bind =&gt; [xx3@nl]
[EL Fine]: sql: 2016-05-31 19:52:46.228--ServerSession(1018298342)--Connection(793485742)--Thread(Thread[main,5,main])--SELECT ID, DESCRIPTION FROM SE42_W12_1_Category WHERE (ID = ?)
	bind =&gt; [156]
[EL Fine]: sql: 2016-05-31 19:52:46.231--ServerSession(1018298342)--Connection(793485742)--Thread(Thread[main,5,main])--SELECT ID, DESCRIPTION FROM SE42_W12_1_Category WHERE (ID = ?)
	bind =&gt; [206]
[EL Fine]: sql: 2016-05-31 19:52:46.233--ServerSession(1018298342)--Connection(793485742)--Thread(Thread[main,5,main])--SELECT ID, DESCRIPTION FROM SE42_W12_1_Category WHERE (ID = ?)
	bind =&gt; [256]
[EL Fine]: sql: 2016-05-31 19:52:46.234--ServerSession(1018298342)--Connection(793485742)--Thread(Thread[main,5,main])--SELECT ID, DESCRIPTION FROM SE42_W12_1_Category WHERE (ID = ?)
	bind =&gt; [306]
[EL Fine]: sql: 2016-05-31 19:52:46.236--ServerSession(1018298342)--Connection(793485742)--Thread(Thread[main,5,main])--SELECT ID, DESCRIPTION FROM SE42_W12_1_Category WHERE (ID = ?)
	bind =&gt; [356]
[EL Fine]: sql: 2016-05-31 19:52:46.238--ServerSession(1018298342)--Connection(793485742)--Thread(Thread[main,5,main])--SELECT ID, DESCRIPTION FROM SE42_W12_1_Category WHERE (ID = ?)
	bind =&gt; [406]
[EL Fine]: sql: 2016-05-31 19:52:46.239--ServerSession(1018298342)--Connection(793485742)--Thread(Thread[main,5,main])--SELECT ID, DESCRIPTION FROM SE42_W12_1_Category WHERE (ID = ?)
	bind =&gt; [456]
[EL Fine]: sql: 2016-05-31 19:52:46.241--ServerSession(1018298342)--Connection(793485742)--Thread(Thread[main,5,main])--SELECT ID, DESCRIPTION FROM SE42_W12_1_Category WHERE (ID = ?)
	bind =&gt; [506]
[EL Fine]: sql: 2016-05-31 19:52:46.243--ServerSession(1018298342)--Connection(793485742)--Thread(Thread[main,5,main])--SELECT ID, DESCRIPTION FROM SE42_W12_1_Category WHERE (ID = ?)
	bind =&gt; [556]
[EL Fine]: sql: 2016-05-31 19:52:46.245--ServerSession(1018298342)--Connection(793485742)--Thread(Thread[main,5,main])--SELECT ID, DESCRIPTION FROM SE42_W12_1_Category WHERE (ID = ?)
	bind =&gt; [606]
[EL Fine]: sql: 2016-05-31 19:52:46.248--ServerSession(1018298342)--Connection(793485742)--Thread(Thread[main,5,main])--SELECT ID, DESCRIPTION FROM SE42_W12_1_Category WHERE (ID = ?)
	bind =&gt; [656]
[EL Fine]: sql: 2016-05-31 19:52:46.249--ServerSession(1018298342)--Connection(793485742)--Thread(Thread[main,5,main])--SELECT ID, DESCRIPTION FROM SE42_W12_1_Category WHERE (ID = ?)
	bind =&gt; [706]
[EL Fine]: sql: 2016-05-31 19:52:46.253--ClientSession(920926249)--Connection(793485742)--Thread(Thread[main,5,main])--INSERT INTO SE42_W12_1_User (EMAIL) VALUES (?)
	bind =&gt; [xx3@nl]
[EL Fine]: sql: 2016-05-31 19:52:46.255--ClientSession(920926249)--Thread(Thread[main,5,main])--SELECT 1
[EL Warning]: 2016-05-31 19:52:46.255--UnitOfWork(1794705481)--Thread(Thread[main,5,main])--Exception [EclipseLink-4002] (Eclipse Persistence Services - 2.5.2.v20140319-9ad6abd): org.eclipse.persistence.exceptions.DatabaseException
Internal Exception: java.sql.SQLIntegrityConstraintViolationException: Duplicate entry &apos;xx3@nl&apos; for key &apos;PRIMARY&apos;
Error Code: 1062
Call: INSERT INTO SE42_W12_1_User (EMAIL) VALUES (?)
	bind =&gt; [xx3@nl]
Query: InsertObjectQuery(auction.domain.User@250a9031)
[EL Fine]: sql: 2016-05-31 19:52:46.256--ServerSession(1018298342)--Connection(793485742)--Thread(Thread[main,5,main])--SELECT ID, DESCRIPTION, CATEGORY_ID, SELLER_EMAIL, HIGHEST_ID FROM SE42_W12_1_Item WHERE (SELLER_EMAIL = ?)
	bind =&gt; [xx4@nl]
[EL Fine]: sql: 2016-05-31 19:52:46.262--ClientSession(591247593)--Connection(793485742)--Thread(Thread[main,5,main])--INSERT INTO SE42_W12_1_User (EMAIL) VALUES (?)
	bind =&gt; [xx4@nl]
[EL Fine]: sql: 2016-05-31 19:52:46.263--ClientSession(591247593)--Thread(Thread[main,5,main])--SELECT 1
[EL Warning]: 2016-05-31 19:52:46.264--UnitOfWork(773059332)--Thread(Thread[main,5,main])--Exception [EclipseLink-4002] (Eclipse Persistence Services - 2.5.2.v20140319-9ad6abd): org.eclipse.persistence.exceptions.DatabaseException
Internal Exception: java.sql.SQLIntegrityConstraintViolationException: Duplicate entry &apos;xx4@nl&apos; for key &apos;PRIMARY&apos;
Error Code: 1062
Call: INSERT INTO SE42_W12_1_User (EMAIL) VALUES (?)
	bind =&gt; [xx4@nl]
Query: InsertObjectQuery(auction.domain.User@4f654cee)
[EL Fine]: sql: 2016-05-31 19:52:46.265--ServerSession(1018298342)--Connection(793485742)--Thread(Thread[main,5,main])--SELECT ID, DESCRIPTION, CATEGORY_ID, SELLER_EMAIL, HIGHEST_ID FROM SE42_W12_1_Item WHERE (DESCRIPTION = ?)
	bind =&gt; [omsch2]
</system-out>
  </testcase>
</testsuite>